<?xml version="1.0" encoding="utf-8"?><testsuites name="pytest tests"><testsuite name="pytest" errors="0" failures="0" skipped="0" tests="7" time="0.474" timestamp="2025-08-20T18:45:29.064480+00:00" hostname="DESKTOP-BDIBOHQ"><testcase classname="tests.roguelike_editors.buildings.test_view" name="test_viw_001_title_bar_exposes_last_rect" time="0.242" /><testcase classname="tests.roguelike_editors.buildings.test_view" name="test_viw_002_picker_anchor_fallback_and_manual" time="0.014" /><testcase classname="tests.roguelike_editors.buildings.test_view" name="test_viw_003_picker_visible_only_when_active" time="0.015" /><testcase classname="tests.roguelike_editors.buildings.test_view" name="test_viw_004_ui_blocker_suppresses_overlays" time="0.015" /><testcase classname="tests.roguelike_editors.buildings.test_view" name="test_viw_005_overlays_only_on_active_building" time="0.020" /><testcase classname="tests.roguelike_editors.buildings.test_view" name="test_viw_006_colliders_mode_hides_handles_but_shows_collider_scope" time="0.014" /><testcase classname="tests.roguelike_editors.buildings.test_view" name="test_viw_007_camera_geometry_applied" time="0.069" /></testsuite></testsuites>