<?xml version="1.0" encoding="utf-8"?><testsuites name="pytest tests"><testsuite name="pytest" errors="0" failures="0" skipped="0" tests="3" time="0.401" timestamp="2025-08-20T18:44:29.215490+00:00" hostname="DESKTOP-BDIBOHQ"><testcase classname="tests.roguelike_editors.buildings.test_panels" name="test_pnl_001_toolbar_toggles_add_remove_picker_and_colliders[buildings_manager-buildings_colliders]" time="0.249" /><testcase classname="tests.roguelike_editors.buildings.test_panels" name="test_pnl_002_add_remove_exposes_rect_and_picker_anchors_right" time="0.019" /><testcase classname="tests.roguelike_editors.buildings.test_panels" name="test_pnl_003_colliders_consumes_events_and_sets_colliders_mode" time="0.058" /></testsuite></testsuites>