<?xml version="1.0" encoding="utf-8"?><testsuites name="pytest tests"><testsuite name="pytest" errors="0" failures="0" skipped="0" tests="10" time="0.452" timestamp="2025-08-20T18:42:35.242485+00:00" hostname="DESKTOP-BDIBOHQ"><testcase classname="tests.roguelike_editors.buildings.test_utils_persistence" name="test_utils_callables_present" time="0.205" /><testcase classname="tests.roguelike_editors.buildings.test_utils_persistence" name="test_utl_006_save_buildings_json_contains_expected_fields" time="0.020" /><testcase classname="tests.roguelike_editors.buildings.test_utils_persistence" name="test_utl_009_building_model_resize_resamples_collision_map" time="0.001" /><testcase classname="tests.roguelike_editors.buildings.test_utils_persistence_extra" name="test_utl_001_load_buildings_basic_fields" time="0.034" /><testcase classname="tests.roguelike_editors.buildings.test_utils_persistence_extra" name="test_utl_002_collision_map_normalization" time="0.021" /><testcase classname="tests.roguelike_editors.buildings.test_utils_persistence_extra" name="test_utl_003_collision_override_cu_normalization" time="0.012" /><testcase classname="tests.roguelike_editors.buildings.test_utils_persistence_extra" name="test_utl_004_inject_z_when_z_state_provided" time="0.011" /><testcase classname="tests.roguelike_editors.buildings.test_utils_persistence_extra" name="test_utl_005_zone_canonicalization_and_no_zone" time="0.011" /><testcase classname="tests.roguelike_editors.buildings.test_utils_persistence_extra" name="test_utl_007_assign_zone_and_relatives_sets_zone_and_rel" time="0.001" /><testcase classname="tests.roguelike_editors.buildings.test_utils_persistence_extra" name="test_utl_008_detect_zone_from_px_outside_returns_no_zone" time="0.029" /></testsuite></testsuites>