<?xml version="1.0" encoding="utf-8"?><testsuites name="pytest tests"><testsuite name="pytest" errors="0" failures="0" skipped="0" tests="2" time="0.345" timestamp="2025-08-20T18:39:19.635390+00:00" hostname="DESKTOP-BDIBOHQ"><testcase classname="tests.roguelike_editors.buildings.test_imports_smoke" name="test_import_core_modules" time="0.206" /><testcase classname="tests.roguelike_editors.buildings.test_imports_smoke" name="test_import_utils_and_functions" time="0.066" /></testsuite></testsuites>