<?xml version="1.0" encoding="utf-8"?><testsuites name="pytest tests"><testsuite name="pytest" errors="0" failures="0" skipped="0" tests="12" time="0.310" timestamp="2025-08-20T18:43:20.375547+00:00" hostname="DESKTOP-BDIBOHQ"><testcase classname="tests.roguelike_editors.buildings.test_controller" name="test_ctl_001_on_mouse_down_respects_ui_blocker" time="0.157" /><testcase classname="tests.roguelike_editors.buildings.test_controller" name="test_ctl_010_mouse_up_housekeeping_and_zone_assignment" time="0.003" /><testcase classname="tests.roguelike_editors.buildings.test_controller" name="test_ctl_002_colliders_mode_only_scope_toggle" time="0.003" /><testcase classname="tests.roguelike_editors.buildings.test_controller" name="test_ctl_003_split_handle_starts_drag" time="0.002" /><testcase classname="tests.roguelike_editors.buildings.test_controller" name="test_ctl_004_scope_toggle_in_normal_mode" time="0.002" /><testcase classname="tests.roguelike_editors.buildings.test_controller" name="test_ctl_005_delete_handle_removes_and_stacks" time="0.002" /><testcase classname="tests.roguelike_editors.buildings.test_controller" name="test_ctl_006_reset_handle_invokes_apply_reset" time="0.002" /><testcase classname="tests.roguelike_editors.buildings.test_controller" name="test_ctl_007_resize_handle_starts_resizing" time="0.003" /><testcase classname="tests.roguelike_editors.buildings.test_controller" name="test_ctl_008_rmb_drag_selection_and_topmost" time="0.002" /><testcase classname="tests.roguelike_editors.buildings.test_controller" name="test_ctl_009_z_buttons_click_updates_z" time="0.003" /><testcase classname="tests.roguelike_editors.buildings.test_controller" name="test_ctl_011_motion_hover_list_and_index_normalization" time="0.002" /><testcase classname="tests.roguelike_editors.buildings.test_controller" name="test_ctl_012_update_drag_and_resize_delegation" time="0.038" /></testsuite></testsuites>