<?xml version="1.0" encoding="utf-8"?><testsuites name="pytest tests"><testsuite name="pytest" errors="0" failures="0" skipped="4" tests="60" time="1.394" timestamp="2025-08-20T18:48:06.824620+00:00" hostname="DESKTOP-BDIBOHQ"><testcase classname="tests.roguelike_editors.buildings.test_controller" name="test_ctl_001_on_mouse_down_respects_ui_blocker" time="0.133" /><testcase classname="tests.roguelike_editors.buildings.test_controller" name="test_ctl_010_mouse_up_housekeeping_and_zone_assignment" time="0.003" /><testcase classname="tests.roguelike_editors.buildings.test_controller" name="test_ctl_002_colliders_mode_only_scope_toggle" time="0.002" /><testcase classname="tests.roguelike_editors.buildings.test_controller" name="test_ctl_003_split_handle_starts_drag" time="0.003" /><testcase classname="tests.roguelike_editors.buildings.test_controller" name="test_ctl_004_scope_toggle_in_normal_mode" time="0.003" /><testcase classname="tests.roguelike_editors.buildings.test_controller" name="test_ctl_005_delete_handle_removes_and_stacks" time="0.003" /><testcase classname="tests.roguelike_editors.buildings.test_controller" name="test_ctl_006_reset_handle_invokes_apply_reset" time="0.002" /><testcase classname="tests.roguelike_editors.buildings.test_controller" name="test_ctl_007_resize_handle_starts_resizing" time="0.003" /><testcase classname="tests.roguelike_editors.buildings.test_controller" name="test_ctl_008_rmb_drag_selection_and_topmost" time="0.003" /><testcase classname="tests.roguelike_editors.buildings.test_controller" name="test_ctl_009_z_buttons_click_updates_z" time="0.003" /><testcase classname="tests.roguelike_editors.buildings.test_controller" name="test_ctl_011_motion_hover_list_and_index_normalization" time="0.003" /><testcase classname="tests.roguelike_editors.buildings.test_controller" name="test_ctl_012_update_drag_and_resize_delegation" time="0.004" /><testcase classname="tests.roguelike_editors.buildings.test_e2e_smoke" name="test_e2e_matrix_placeholder" time="0.000"><skipped type="pytest.skip" message="[E2E-*] End-to-end smoke tests pending implementation.">C:\Project\RogueLike\tests\roguelike_editors\buildings\test_e2e_smoke.py:4: [E2E-*] End-to-end smoke tests pending implementation.</skipped></testcase><testcase classname="tests.roguelike_editors.buildings.test_events" name="test_evt_001_panning_mmb" time="0.021" /><testcase classname="tests.roguelike_editors.buildings.test_events" name="test_evt_012_persist_on_mouse_up" time="0.003" /><testcase classname="tests.roguelike_editors.buildings.test_events" name="test_evt_016_delegation_to_colliders_consumes_event" time="0.002" /><testcase classname="tests.roguelike_editors.buildings.test_events" name="test_evt_002_quit_persists_and_stops" time="0.002" /><testcase classname="tests.roguelike_editors.buildings.test_events" name="test_evt_003_escape_closes_and_saves" time="0.003" /><testcase classname="tests.roguelike_editors.buildings.test_events" name="test_evt_004_toggle_picker_with_p" time="0.003" /><testcase classname="tests.roguelike_editors.buildings.test_events" name="test_evt_005_reset_with_d_applies_default_tool" time="0.002" /><testcase classname="tests.roguelike_editors.buildings.test_events" name="test_evt_006_resize_with_r_keydown_and_keyup" time="0.002" /><testcase classname="tests.roguelike_editors.buildings.test_events" name="test_evt_007_undo_ctrl_z_restores_building" time="0.002" /><testcase classname="tests.roguelike_editors.buildings.test_events" name="test_evt_008_ctrl_s_persists_without_closing" time="0.003" /><testcase classname="tests.roguelike_editors.buildings.test_events" name="test_evt_009_place_with_n_increases_buildings" time="0.003" /><testcase classname="tests.roguelike_editors.buildings.test_events" name="test_evt_010_delete_key_calls_delete_tool_and_respects_colliders_mode" time="0.003" /><testcase classname="tests.roguelike_editors.buildings.test_events" name="test_evt_011_mouse_events_delegated_to_controller" time="0.003" /><testcase classname="tests.roguelike_editors.buildings.test_events" name="test_evt_013_ui_blocker_clears_hover_and_active_on_motion" time="0.004" /><testcase classname="tests.roguelike_editors.buildings.test_events" name="test_evt_014_select_focuses_active_and_clears_when_outside" time="0.003" /><testcase classname="tests.roguelike_editors.buildings.test_events" name="test_evt_015_mouse_wheel_cycles_hovered" time="0.003" /><testcase classname="tests.roguelike_editors.buildings.test_events" name="test_events_matrix_placeholder" time="0.001"><skipped type="pytest.skip" message="[EVT-*] Remaining matrix pending implementation.">C:\Project\RogueLike\tests\roguelike_editors\buildings\test_events.py:385: [EVT-*] Remaining matrix pending implementation.</skipped></testcase><testcase classname="tests.roguelike_editors.buildings.test_fixtures_smoke" name="test_surface_factory" time="0.001" /><testcase classname="tests.roguelike_editors.buildings.test_fixtures_smoke" name="test_camera_apply_and_scale" time="0.001" /><testcase classname="tests.roguelike_editors.buildings.test_imports_smoke" name="test_import_core_modules" time="0.016" /><testcase classname="tests.roguelike_editors.buildings.test_imports_smoke" name="test_import_utils_and_functions" time="0.013" /><testcase classname="tests.roguelike_editors.buildings.test_manager_renderer" name="test_manager_renderer_matrix_placeholder" time="0.001"><skipped type="pytest.skip" message="[MGR-*] Manager/Renderer integration tests pending implementation.">C:\Project\RogueLike\tests\roguelike_editors\buildings\test_manager_renderer.py:22: [MGR-*] Manager/Renderer integration tests pending implementation.</skipped></testcase><testcase classname="tests.roguelike_editors.buildings.test_manager_renderer" name="test_mgr_001_renderer_calls_manager_render_not_view" time="0.190" /><testcase classname="tests.roguelike_editors.buildings.test_manager_renderer" name="test_mgr_002_toolbar_centering_uses_panel_width" time="0.004" /><testcase classname="tests.roguelike_editors.buildings.test_manager_renderer" name="test_mgr_003_toolbar_buildings_manager_toggle" time="0.001" /><testcase classname="tests.roguelike_editors.buildings.test_manager_renderer" name="test_mgr_004_toolbar_colliders_toggle" time="0.002" /><testcase classname="tests.roguelike_editors.buildings.test_panels" name="test_pnl_001_toolbar_toggles_add_remove_picker_and_colliders[buildings_manager-buildings_colliders]" time="0.314" /><testcase classname="tests.roguelike_editors.buildings.test_panels" name="test_pnl_002_add_remove_exposes_rect_and_picker_anchors_right" time="0.019" /><testcase classname="tests.roguelike_editors.buildings.test_panels" name="test_pnl_003_colliders_consumes_events_and_sets_colliders_mode" time="0.023" /><testcase classname="tests.roguelike_editors.buildings.test_perf" name="test_perf_matrix_placeholder" time="0.000"><skipped type="pytest.skip" message="[PERF-*] Performance tests are skipped by default; enable when profiling.">C:\Project\RogueLike\tests\roguelike_editors\buildings\test_perf.py:4: [PERF-*] Performance tests are skipped by default; enable when profiling.</skipped></testcase><testcase classname="tests.roguelike_editors.buildings.test_utils_persistence" name="test_utils_callables_present" time="0.001" /><testcase classname="tests.roguelike_editors.buildings.test_utils_persistence" name="test_utl_006_save_buildings_json_contains_expected_fields" time="0.027" /><testcase classname="tests.roguelike_editors.buildings.test_utils_persistence" name="test_utl_009_building_model_resize_resamples_collision_map" time="0.003" /><testcase classname="tests.roguelike_editors.buildings.test_utils_persistence_extra" name="test_utl_001_load_buildings_basic_fields" time="0.011" /><testcase classname="tests.roguelike_editors.buildings.test_utils_persistence_extra" name="test_utl_002_collision_map_normalization" time="0.015" /><testcase classname="tests.roguelike_editors.buildings.test_utils_persistence_extra" name="test_utl_003_collision_override_cu_normalization" time="0.014" /><testcase classname="tests.roguelike_editors.buildings.test_utils_persistence_extra" name="test_utl_004_inject_z_when_z_state_provided" time="0.012" /><testcase classname="tests.roguelike_editors.buildings.test_utils_persistence_extra" name="test_utl_005_zone_canonicalization_and_no_zone" time="0.012" /><testcase classname="tests.roguelike_editors.buildings.test_utils_persistence_extra" name="test_utl_007_assign_zone_and_relatives_sets_zone_and_rel" time="0.002" /><testcase classname="tests.roguelike_editors.buildings.test_utils_persistence_extra" name="test_utl_008_detect_zone_from_px_outside_returns_no_zone" time="0.001" /><testcase classname="tests.roguelike_editors.buildings.test_view" name="test_viw_001_title_bar_exposes_last_rect" time="0.014" /><testcase classname="tests.roguelike_editors.buildings.test_view" name="test_viw_002_picker_anchor_fallback_and_manual" time="0.013" /><testcase classname="tests.roguelike_editors.buildings.test_view" name="test_viw_003_picker_visible_only_when_active" time="0.013" /><testcase classname="tests.roguelike_editors.buildings.test_view" name="test_viw_004_ui_blocker_suppresses_overlays" time="0.013" /><testcase classname="tests.roguelike_editors.buildings.test_view" name="test_viw_005_overlays_only_on_active_building" time="0.021" /><testcase classname="tests.roguelike_editors.buildings.test_view" name="test_viw_006_colliders_mode_hides_handles_but_shows_collider_scope" time="0.011" /><testcase classname="tests.roguelike_editors.buildings.test_view" name="test_viw_007_camera_geometry_applied" time="0.071" /></testsuite></testsuites>