<?xml version="1.0" encoding="utf-8"?><testsuites name="pytest tests"><testsuite name="pytest" errors="0" failures="0" skipped="1" tests="17" time="0.341" timestamp="2025-08-20T18:44:52.099715+00:00" hostname="DESKTOP-BDIBOHQ"><testcase classname="tests.roguelike_editors.buildings.test_events" name="test_evt_001_panning_mmb" time="0.160" /><testcase classname="tests.roguelike_editors.buildings.test_events" name="test_evt_012_persist_on_mouse_up" time="0.002" /><testcase classname="tests.roguelike_editors.buildings.test_events" name="test_evt_016_delegation_to_colliders_consumes_event" time="0.003" /><testcase classname="tests.roguelike_editors.buildings.test_events" name="test_evt_002_quit_persists_and_stops" time="0.003" /><testcase classname="tests.roguelike_editors.buildings.test_events" name="test_evt_003_escape_closes_and_saves" time="0.002" /><testcase classname="tests.roguelike_editors.buildings.test_events" name="test_evt_004_toggle_picker_with_p" time="0.002" /><testcase classname="tests.roguelike_editors.buildings.test_events" name="test_evt_005_reset_with_d_applies_default_tool" time="0.003" /><testcase classname="tests.roguelike_editors.buildings.test_events" name="test_evt_006_resize_with_r_keydown_and_keyup" time="0.002" /><testcase classname="tests.roguelike_editors.buildings.test_events" name="test_evt_007_undo_ctrl_z_restores_building" time="0.003" /><testcase classname="tests.roguelike_editors.buildings.test_events" name="test_evt_008_ctrl_s_persists_without_closing" time="0.002" /><testcase classname="tests.roguelike_editors.buildings.test_events" name="test_evt_009_place_with_n_increases_buildings" time="0.003" /><testcase classname="tests.roguelike_editors.buildings.test_events" name="test_evt_010_delete_key_calls_delete_tool_and_respects_colliders_mode" time="0.002" /><testcase classname="tests.roguelike_editors.buildings.test_events" name="test_evt_011_mouse_events_delegated_to_controller" time="0.002" /><testcase classname="tests.roguelike_editors.buildings.test_events" name="test_evt_013_ui_blocker_clears_hover_and_active_on_motion" time="0.002" /><testcase classname="tests.roguelike_editors.buildings.test_events" name="test_evt_014_select_focuses_active_and_clears_when_outside" time="0.002" /><testcase classname="tests.roguelike_editors.buildings.test_events" name="test_evt_015_mouse_wheel_cycles_hovered" time="0.002" /><testcase classname="tests.roguelike_editors.buildings.test_events" name="test_events_matrix_placeholder" time="0.035"><skipped type="pytest.skip" message="[EVT-*] Remaining matrix pending implementation.">C:\Project\RogueLike\tests\roguelike_editors\buildings\test_events.py:385: [EVT-*] Remaining matrix pending implementation.</skipped></testcase></testsuite></testsuites>